<?xml version="1.0" encoding="UTF-8"?>
<!-- Generated by org.testng.reporters.JUnitXMLReporter -->
<testsuite hostname="Nitishs-Mac.local" ignored="0" name="Default test" tests="16" failures="0" timestamp="24 Jun 2018 12:19:06 GMT" time="14.383" errors="0">
  <testcase name="playback_ALTBALAJI" time="2.104" classname="com.airteltv.test.PlaybackAPI"/>
  <testcase name="playback_ALTBALAJI" time="0.234" classname="com.airteltv.test.PlaybackAPI"/>
  <testcase name="playback_ALTBALAJI" time="0.778" classname="com.airteltv.test.PlaybackAPI"/>
  <testcase name="playback_ALTBALAJI" time="0.664" classname="com.airteltv.test.PlaybackAPI"/>
  <testcase name="playback_ALTBALAJI" time="0.219" classname="com.airteltv.test.PlaybackAPI"/>
  <testcase name="playback_ALTBALAJI" time="0.213" classname="com.airteltv.test.PlaybackAPI"/>
  <testcase name="playback_ALTBALAJI" time="0.518" classname="com.airteltv.test.PlaybackAPI"/>
  <testcase name="playback_ALTBALAJI" time="0.815" classname="com.airteltv.test.PlaybackAPI"/>
  <testcase name="playback_EROSNOW" time="1.057" classname="com.airteltv.test.PlaybackAPI"/>
  <testcase name="playback_EROSNOW" time="0.428" classname="com.airteltv.test.PlaybackAPI"/>
  <testcase name="playback_EROSNOW" time="0.414" classname="com.airteltv.test.PlaybackAPI"/>
  <testcase name="playback_EROSNOW" time="0.469" classname="com.airteltv.test.PlaybackAPI"/>
  <testcase name="playback_HOOQ" time="0.174" classname="com.airteltv.test.PlaybackAPI"/>
  <testcase name="playback_HOOQ" time="0.179" classname="com.airteltv.test.PlaybackAPI"/>
  <testcase name="playback_HOOQ" time="0.17" classname="com.airteltv.test.PlaybackAPI"/>
  <testcase name="playback_HOOQ" time="0.184" classname="com.airteltv.test.PlaybackAPI"/>
</testsuite> <!-- Default test -->
