<?xml version="1.0" encoding="UTF-8"?>
<!-- Generated by org.testng.reporters.JUnitXMLReporter -->
<testsuite hostname="Nitishs-Mac.local" ignored="0" name="Test" tests="8" failures="0" timestamp="24 Jun 2018 12:09:38 GMT" time="9.603" errors="0">
  <testcase name="playback_ALTBALAJI" time="1.573" classname="com.airteltv.test.PlaybackAPI"/>
  <testcase name="playback_ALTBALAJI" time="0.277" classname="com.airteltv.test.PlaybackAPI"/>
  <testcase name="playback_ALTBALAJI" time="0.629" classname="com.airteltv.test.PlaybackAPI"/>
  <testcase name="playback_ALTBALAJI" time="0.588" classname="com.airteltv.test.PlaybackAPI"/>
  <testcase name="playback_EROSNOW" time="0.994" classname="com.airteltv.test.PlaybackAPI"/>
  <testcase name="playback_EROSNOW" time="0.499" classname="com.airteltv.test.PlaybackAPI"/>
  <testcase name="playback_HOOQ" time="0.188" classname="com.airteltv.test.PlaybackAPI"/>
  <testcase name="playback_HOOQ" time="0.185" classname="com.airteltv.test.PlaybackAPI"/>
</testsuite> <!-- Test -->
