<?xml version="1.0" encoding="UTF-8"?>
<testng-results skipped="0" failed="0" ignored="0" total="8" passed="8">
  <reporter-output>
    <line>
      <![CDATA[Extent Report directory: /Users/b0204885/workspace/airteltv-apitest/externalFiles/ExtentReports]]>
    </line>
  </reporter-output>
  <suite name="Suite" duration-ms="9603" started-at="2018-06-24T12:09:28Z" finished-at="2018-06-24T12:09:38Z">
    <groups>
    </groups>
    <test name="Test" duration-ms="9603" started-at="2018-06-24T12:09:28Z" finished-at="2018-06-24T12:09:38Z">
      <class name="com.airteltv.test.PlaybackAPI">
        <test-method status="PASS" signature="extentSetup(org.testng.ITestContext)[pri:0, instance:com.airteltv.test.PlaybackAPI@188715b5]" name="extentSetup" is-config="true" duration-ms="70" started-at="2018-06-24T17:39:28Z" finished-at="2018-06-24T17:39:28Z">
          <params>
            <param index="0">
              <value>
                <![CDATA[org.testng.TestRunner@24a2e565]]>
              </value>
            </param>
          </params>
          <reporter-output>
            <line>
              <![CDATA[Extent Report directory: /Users/b0204885/workspace/airteltv-apitest/externalFiles/ExtentReports]]>
            </line>
          </reporter-output>
        </test-method> <!-- extentSetup -->
        <test-method status="PASS" signature="startExtent(java.lang.reflect.Method)[pri:0, instance:com.airteltv.test.PlaybackAPI@188715b5]" name="startExtent" is-config="true" duration-ms="3247" started-at="2018-06-24T17:39:29Z" finished-at="2018-06-24T17:39:32Z">
          <params>
            <param index="0">
              <value>
                <![CDATA[public void com.airteltv.test.PlaybackAPI.playback_ALTBALAJI(java.lang.String,java.lang.String,java.lang.reflect.Method)]]>
              </value>
            </param>
          </params>
          <reporter-output>
          </reporter-output>
        </test-method> <!-- startExtent -->
        <test-method status="PASS" signature="playback_ALTBALAJI(java.lang.String, java.lang.String, java.lang.reflect.Method)[pri:0, instance:com.airteltv.test.PlaybackAPI@188715b5]" name="playback_ALTBALAJI" duration-ms="1573" started-at="2018-06-24T17:39:32Z" description="Playback API - ALTBALAJI : " data-provider="urls_ALTBALAJI" finished-at="2018-06-24T17:39:34Z">
          <params>
            <param index="0">
              <value>
                <![CDATA[ALTBALAJI_EPISODE]]>
              </value>
            </param>
            <param index="1">
              <value>
                <![CDATA[true]]>
              </value>
            </param>
            <param index="2">
              <value>
                <![CDATA[public void com.airteltv.test.PlaybackAPI.playback_ALTBALAJI(java.lang.String,java.lang.String,java.lang.reflect.Method)]]>
              </value>
            </param>
          </params>
          <reporter-output>
          </reporter-output>
        </test-method> <!-- playback_ALTBALAJI -->
        <test-method status="PASS" signature="afterEachTestMethod(org.testng.ITestResult)[pri:0, instance:com.airteltv.test.PlaybackAPI@188715b5]" name="afterEachTestMethod" is-config="true" duration-ms="1" started-at="2018-06-24T17:39:34Z" finished-at="2018-06-24T17:39:34Z">
          <params>
            <param index="0">
              <value>
                <![CDATA[[TestResult name=playback_ALTBALAJI status=SUCCESS method=PlaybackAPI.playback_ALTBALAJI(java.lang.String, java.lang.String, java.lang.reflect.Method)[pri:0, instance:com.airteltv.test.PlaybackAPI@188715b5] output={null}]]]>
              </value>
            </param>
          </params>
          <reporter-output>
          </reporter-output>
        </test-method> <!-- afterEachTestMethod -->
        <test-method status="PASS" signature="startExtent(java.lang.reflect.Method)[pri:0, instance:com.airteltv.test.PlaybackAPI@188715b5]" name="startExtent" is-config="true" duration-ms="140" started-at="2018-06-24T17:39:34Z" finished-at="2018-06-24T17:39:34Z">
          <params>
            <param index="0">
              <value>
                <![CDATA[public void com.airteltv.test.PlaybackAPI.playback_ALTBALAJI(java.lang.String,java.lang.String,java.lang.reflect.Method)]]>
              </value>
            </param>
          </params>
          <reporter-output>
          </reporter-output>
        </test-method> <!-- startExtent -->
        <test-method status="PASS" signature="playback_ALTBALAJI(java.lang.String, java.lang.String, java.lang.reflect.Method)[pri:0, instance:com.airteltv.test.PlaybackAPI@188715b5]" name="playback_ALTBALAJI" duration-ms="277" started-at="2018-06-24T17:39:34Z" description="Playback API - ALTBALAJI : " data-provider="urls_ALTBALAJI" finished-at="2018-06-24T17:39:34Z">
          <params>
            <param index="0">
              <value>
                <![CDATA[ALTBALAJI_MOVIE]]>
              </value>
            </param>
            <param index="1">
              <value>
                <![CDATA[true]]>
              </value>
            </param>
            <param index="2">
              <value>
                <![CDATA[public void com.airteltv.test.PlaybackAPI.playback_ALTBALAJI(java.lang.String,java.lang.String,java.lang.reflect.Method)]]>
              </value>
            </param>
          </params>
          <reporter-output>
          </reporter-output>
        </test-method> <!-- playback_ALTBALAJI -->
        <test-method status="PASS" signature="startExtent(java.lang.reflect.Method)[pri:0, instance:com.airteltv.test.PlaybackAPI@188715b5]" name="startExtent" is-config="true" duration-ms="133" started-at="2018-06-24T17:39:34Z" finished-at="2018-06-24T17:39:34Z">
          <params>
            <param index="0">
              <value>
                <![CDATA[public void com.airteltv.test.PlaybackAPI.playback_ALTBALAJI(java.lang.String,java.lang.String,java.lang.reflect.Method)]]>
              </value>
            </param>
          </params>
          <reporter-output>
          </reporter-output>
        </test-method> <!-- startExtent -->
        <test-method status="PASS" signature="afterEachTestMethod(org.testng.ITestResult)[pri:0, instance:com.airteltv.test.PlaybackAPI@188715b5]" name="afterEachTestMethod" is-config="true" duration-ms="0" started-at="2018-06-24T17:39:34Z" finished-at="2018-06-24T17:39:34Z">
          <params>
            <param index="0">
              <value>
                <![CDATA[[TestResult name=playback_ALTBALAJI status=SUCCESS method=PlaybackAPI.playback_ALTBALAJI(java.lang.String, java.lang.String, java.lang.reflect.Method)[pri:0, instance:com.airteltv.test.PlaybackAPI@188715b5] output={null}]]]>
              </value>
            </param>
          </params>
          <reporter-output>
          </reporter-output>
        </test-method> <!-- afterEachTestMethod -->
        <test-method status="PASS" signature="playback_ALTBALAJI(java.lang.String, java.lang.String, java.lang.reflect.Method)[pri:0, instance:com.airteltv.test.PlaybackAPI@188715b5]" name="playback_ALTBALAJI" duration-ms="629" started-at="2018-06-24T17:39:34Z" description="Playback API - ALTBALAJI : " data-provider="urls_ALTBALAJI" finished-at="2018-06-24T17:39:35Z">
          <params>
            <param index="0">
              <value>
                <![CDATA[ALTBALAJI_EPISODE.DRM]]>
              </value>
            </param>
            <param index="1">
              <value>
                <![CDATA[true]]>
              </value>
            </param>
            <param index="2">
              <value>
                <![CDATA[public void com.airteltv.test.PlaybackAPI.playback_ALTBALAJI(java.lang.String,java.lang.String,java.lang.reflect.Method)]]>
              </value>
            </param>
          </params>
          <reporter-output>
          </reporter-output>
        </test-method> <!-- playback_ALTBALAJI -->
        <test-method status="PASS" signature="startExtent(java.lang.reflect.Method)[pri:0, instance:com.airteltv.test.PlaybackAPI@188715b5]" name="startExtent" is-config="true" duration-ms="134" started-at="2018-06-24T17:39:35Z" finished-at="2018-06-24T17:39:35Z">
          <params>
            <param index="0">
              <value>
                <![CDATA[public void com.airteltv.test.PlaybackAPI.playback_ALTBALAJI(java.lang.String,java.lang.String,java.lang.reflect.Method)]]>
              </value>
            </param>
          </params>
          <reporter-output>
          </reporter-output>
        </test-method> <!-- startExtent -->
        <test-method status="PASS" signature="afterEachTestMethod(org.testng.ITestResult)[pri:0, instance:com.airteltv.test.PlaybackAPI@188715b5]" name="afterEachTestMethod" is-config="true" duration-ms="0" started-at="2018-06-24T17:39:35Z" finished-at="2018-06-24T17:39:35Z">
          <params>
            <param index="0">
              <value>
                <![CDATA[[TestResult name=playback_ALTBALAJI status=SUCCESS method=PlaybackAPI.playback_ALTBALAJI(java.lang.String, java.lang.String, java.lang.reflect.Method)[pri:0, instance:com.airteltv.test.PlaybackAPI@188715b5] output={null}]]]>
              </value>
            </param>
          </params>
          <reporter-output>
          </reporter-output>
        </test-method> <!-- afterEachTestMethod -->
        <test-method status="PASS" signature="playback_ALTBALAJI(java.lang.String, java.lang.String, java.lang.reflect.Method)[pri:0, instance:com.airteltv.test.PlaybackAPI@188715b5]" name="playback_ALTBALAJI" duration-ms="588" started-at="2018-06-24T17:39:35Z" description="Playback API - ALTBALAJI : " data-provider="urls_ALTBALAJI" finished-at="2018-06-24T17:39:35Z">
          <params>
            <param index="0">
              <value>
                <![CDATA[ALTBALAJI_MOVIE.DRM]]>
              </value>
            </param>
            <param index="1">
              <value>
                <![CDATA[true]]>
              </value>
            </param>
            <param index="2">
              <value>
                <![CDATA[public void com.airteltv.test.PlaybackAPI.playback_ALTBALAJI(java.lang.String,java.lang.String,java.lang.reflect.Method)]]>
              </value>
            </param>
          </params>
          <reporter-output>
          </reporter-output>
        </test-method> <!-- playback_ALTBALAJI -->
        <test-method status="PASS" signature="afterEachTestMethod(org.testng.ITestResult)[pri:0, instance:com.airteltv.test.PlaybackAPI@188715b5]" name="afterEachTestMethod" is-config="true" duration-ms="0" started-at="2018-06-24T17:39:35Z" finished-at="2018-06-24T17:39:35Z">
          <params>
            <param index="0">
              <value>
                <![CDATA[[TestResult name=playback_ALTBALAJI status=SUCCESS method=PlaybackAPI.playback_ALTBALAJI(java.lang.String, java.lang.String, java.lang.reflect.Method)[pri:0, instance:com.airteltv.test.PlaybackAPI@188715b5] output={null}]]]>
              </value>
            </param>
          </params>
          <reporter-output>
          </reporter-output>
        </test-method> <!-- afterEachTestMethod -->
        <test-method status="PASS" signature="startExtent(java.lang.reflect.Method)[pri:0, instance:com.airteltv.test.PlaybackAPI@188715b5]" name="startExtent" is-config="true" duration-ms="126" started-at="2018-06-24T17:39:36Z" finished-at="2018-06-24T17:39:36Z">
          <params>
            <param index="0">
              <value>
                <![CDATA[public void com.airteltv.test.PlaybackAPI.playback_EROSNOW(java.lang.String,java.lang.String,java.lang.reflect.Method)]]>
              </value>
            </param>
          </params>
          <reporter-output>
          </reporter-output>
        </test-method> <!-- startExtent -->
        <test-method status="PASS" signature="playback_EROSNOW(java.lang.String, java.lang.String, java.lang.reflect.Method)[pri:0, instance:com.airteltv.test.PlaybackAPI@188715b5]" name="playback_EROSNOW" duration-ms="994" started-at="2018-06-24T17:39:36Z" description="Playback API - EROSNOW : " data-provider="urls_EORSNOW" finished-at="2018-06-24T17:39:37Z">
          <params>
            <param index="0">
              <value>
                <![CDATA[EROSNOW_EPISODE]]>
              </value>
            </param>
            <param index="1">
              <value>
                <![CDATA[true]]>
              </value>
            </param>
            <param index="2">
              <value>
                <![CDATA[public void com.airteltv.test.PlaybackAPI.playback_EROSNOW(java.lang.String,java.lang.String,java.lang.reflect.Method)]]>
              </value>
            </param>
          </params>
          <reporter-output>
          </reporter-output>
        </test-method> <!-- playback_EROSNOW -->
        <test-method status="PASS" signature="afterEachTestMethod(org.testng.ITestResult)[pri:0, instance:com.airteltv.test.PlaybackAPI@188715b5]" name="afterEachTestMethod" is-config="true" duration-ms="0" started-at="2018-06-24T17:39:37Z" finished-at="2018-06-24T17:39:37Z">
          <params>
            <param index="0">
              <value>
                <![CDATA[[TestResult name=playback_EROSNOW status=SUCCESS method=PlaybackAPI.playback_EROSNOW(java.lang.String, java.lang.String, java.lang.reflect.Method)[pri:0, instance:com.airteltv.test.PlaybackAPI@188715b5] output={null}]]]>
              </value>
            </param>
          </params>
          <reporter-output>
          </reporter-output>
        </test-method> <!-- afterEachTestMethod -->
        <test-method status="PASS" signature="startExtent(java.lang.reflect.Method)[pri:0, instance:com.airteltv.test.PlaybackAPI@188715b5]" name="startExtent" is-config="true" duration-ms="127" started-at="2018-06-24T17:39:37Z" finished-at="2018-06-24T17:39:37Z">
          <params>
            <param index="0">
              <value>
                <![CDATA[public void com.airteltv.test.PlaybackAPI.playback_EROSNOW(java.lang.String,java.lang.String,java.lang.reflect.Method)]]>
              </value>
            </param>
          </params>
          <reporter-output>
          </reporter-output>
        </test-method> <!-- startExtent -->
        <test-method status="PASS" signature="playback_EROSNOW(java.lang.String, java.lang.String, java.lang.reflect.Method)[pri:0, instance:com.airteltv.test.PlaybackAPI@188715b5]" name="playback_EROSNOW" duration-ms="499" started-at="2018-06-24T17:39:37Z" description="Playback API - EROSNOW : " data-provider="urls_EORSNOW" finished-at="2018-06-24T17:39:37Z">
          <params>
            <param index="0">
              <value>
                <![CDATA[EROSNOW_MOVIE]]>
              </value>
            </param>
            <param index="1">
              <value>
                <![CDATA[true]]>
              </value>
            </param>
            <param index="2">
              <value>
                <![CDATA[public void com.airteltv.test.PlaybackAPI.playback_EROSNOW(java.lang.String,java.lang.String,java.lang.reflect.Method)]]>
              </value>
            </param>
          </params>
          <reporter-output>
          </reporter-output>
        </test-method> <!-- playback_EROSNOW -->
        <test-method status="PASS" signature="afterEachTestMethod(org.testng.ITestResult)[pri:0, instance:com.airteltv.test.PlaybackAPI@188715b5]" name="afterEachTestMethod" is-config="true" duration-ms="0" started-at="2018-06-24T17:39:37Z" finished-at="2018-06-24T17:39:37Z">
          <params>
            <param index="0">
              <value>
                <![CDATA[[TestResult name=playback_EROSNOW status=SUCCESS method=PlaybackAPI.playback_EROSNOW(java.lang.String, java.lang.String, java.lang.reflect.Method)[pri:0, instance:com.airteltv.test.PlaybackAPI@188715b5] output={null}]]]>
              </value>
            </param>
          </params>
          <reporter-output>
          </reporter-output>
        </test-method> <!-- afterEachTestMethod -->
        <test-method status="PASS" signature="startExtent(java.lang.reflect.Method)[pri:0, instance:com.airteltv.test.PlaybackAPI@188715b5]" name="startExtent" is-config="true" duration-ms="146" started-at="2018-06-24T17:39:37Z" finished-at="2018-06-24T17:39:37Z">
          <params>
            <param index="0">
              <value>
                <![CDATA[public void com.airteltv.test.PlaybackAPI.playback_HOOQ(java.lang.String,java.lang.String,java.lang.reflect.Method)]]>
              </value>
            </param>
          </params>
          <reporter-output>
          </reporter-output>
        </test-method> <!-- startExtent -->
        <test-method status="PASS" signature="playback_HOOQ(java.lang.String, java.lang.String, java.lang.reflect.Method)[pri:0, instance:com.airteltv.test.PlaybackAPI@188715b5]" name="playback_HOOQ" duration-ms="188" started-at="2018-06-24T17:39:37Z" description="Playback API - HOOQ : " data-provider="urls_HOOQ" finished-at="2018-06-24T17:39:38Z">
          <params>
            <param index="0">
              <value>
                <![CDATA[HOOQ_MOVIE]]>
              </value>
            </param>
            <param index="1">
              <value>
                <![CDATA[true]]>
              </value>
            </param>
            <param index="2">
              <value>
                <![CDATA[public void com.airteltv.test.PlaybackAPI.playback_HOOQ(java.lang.String,java.lang.String,java.lang.reflect.Method)]]>
              </value>
            </param>
          </params>
          <reporter-output>
          </reporter-output>
        </test-method> <!-- playback_HOOQ -->
        <test-method status="PASS" signature="afterEachTestMethod(org.testng.ITestResult)[pri:0, instance:com.airteltv.test.PlaybackAPI@188715b5]" name="afterEachTestMethod" is-config="true" duration-ms="0" started-at="2018-06-24T17:39:38Z" finished-at="2018-06-24T17:39:38Z">
          <params>
            <param index="0">
              <value>
                <![CDATA[[TestResult name=playback_HOOQ status=SUCCESS method=PlaybackAPI.playback_HOOQ(java.lang.String, java.lang.String, java.lang.reflect.Method)[pri:0, instance:com.airteltv.test.PlaybackAPI@188715b5] output={null}]]]>
              </value>
            </param>
          </params>
          <reporter-output>
          </reporter-output>
        </test-method> <!-- afterEachTestMethod -->
        <test-method status="PASS" signature="startExtent(java.lang.reflect.Method)[pri:0, instance:com.airteltv.test.PlaybackAPI@188715b5]" name="startExtent" is-config="true" duration-ms="135" started-at="2018-06-24T17:39:38Z" finished-at="2018-06-24T17:39:38Z">
          <params>
            <param index="0">
              <value>
                <![CDATA[public void com.airteltv.test.PlaybackAPI.playback_HOOQ(java.lang.String,java.lang.String,java.lang.reflect.Method)]]>
              </value>
            </param>
          </params>
          <reporter-output>
          </reporter-output>
        </test-method> <!-- startExtent -->
        <test-method status="PASS" signature="playback_HOOQ(java.lang.String, java.lang.String, java.lang.reflect.Method)[pri:0, instance:com.airteltv.test.PlaybackAPI@188715b5]" name="playback_HOOQ" duration-ms="185" started-at="2018-06-24T17:39:38Z" description="Playback API - HOOQ : " data-provider="urls_HOOQ" finished-at="2018-06-24T17:39:38Z">
          <params>
            <param index="0">
              <value>
                <![CDATA[HOOQ_EPISODE]]>
              </value>
            </param>
            <param index="1">
              <value>
                <![CDATA[true]]>
              </value>
            </param>
            <param index="2">
              <value>
                <![CDATA[public void com.airteltv.test.PlaybackAPI.playback_HOOQ(java.lang.String,java.lang.String,java.lang.reflect.Method)]]>
              </value>
            </param>
          </params>
          <reporter-output>
          </reporter-output>
        </test-method> <!-- playback_HOOQ -->
        <test-method status="PASS" signature="afterEachTestMethod(org.testng.ITestResult)[pri:0, instance:com.airteltv.test.PlaybackAPI@188715b5]" name="afterEachTestMethod" is-config="true" duration-ms="0" started-at="2018-06-24T17:39:38Z" finished-at="2018-06-24T17:39:38Z">
          <params>
            <param index="0">
              <value>
                <![CDATA[[TestResult name=playback_HOOQ status=SUCCESS method=PlaybackAPI.playback_HOOQ(java.lang.String, java.lang.String, java.lang.reflect.Method)[pri:0, instance:com.airteltv.test.PlaybackAPI@188715b5] output={null}]]]>
              </value>
            </param>
          </params>
          <reporter-output>
          </reporter-output>
        </test-method> <!-- afterEachTestMethod -->
        <test-method status="PASS" signature="generateReport()[pri:0, instance:com.airteltv.test.PlaybackAPI@188715b5]" name="generateReport" is-config="true" duration-ms="257" started-at="2018-06-24T17:39:38Z" finished-at="2018-06-24T17:39:38Z">
          <reporter-output>
          </reporter-output>
        </test-method> <!-- generateReport -->
      </class> <!-- com.airteltv.test.PlaybackAPI -->
    </test> <!-- Test -->
  </suite> <!-- Suite -->
</testng-results>
